[debug] [2021-01-10T04:05:57.731Z] ----------------------------------------------------------------------
[debug] [2021-01-10T04:05:57.735Z] Command:       C:\Program Files\nodejs\node.exe C:\Users\DebasishGracias\AppData\Roaming\npm\node_modules\firebase-tools\lib\bin\firebase.js init
[debug] [2021-01-10T04:05:57.735Z] CLI Version:   8.12.1
[debug] [2021-01-10T04:05:57.735Z] Platform:      win32
[debug] [2021-01-10T04:05:57.735Z] Node Version:  v12.19.0
[debug] [2021-01-10T04:05:57.737Z] Time:          Sun Jan 10 2021 04:05:57 GMT+0000 (Greenwich Mean Time)
[debug] [2021-01-10T04:05:57.737Z] ----------------------------------------------------------------------
[debug] [2021-01-10T04:05:57.737Z] 
[debug] [2021-01-10T04:05:57.745Z] > command requires scopes: ["email","openid","https://www.googleapis.com/auth/cloudplatformprojects.readonly","https://www.googleapis.com/auth/firebase","https://www.googleapis.com/auth/cloud-platform"]
[debug] [2021-01-10T04:05:57.747Z] > authorizing via signed-in user
[info] 
     ######## #### ########  ######## ########     ###     ######  ########
     ##        ##  ##     ## ##       ##     ##  ##   ##  ##       ##
     ######    ##  ########  ######   ########  #########  ######  ######
     ##        ##  ##    ##  ##       ##     ## ##     ##       ## ##
     ##       #### ##     ## ######## ########  ##     ##  ######  ########

You're about to initialize a Firebase project in this directory:

  C:\Deba\Workspace2020\amazon-clone

Before we get started, keep in mind:

  * You are currently outside your home directory
  * You are initializing in an existing Firebase project directory

